<?xml version="1.0" encoding="UTF-8"?>
<!-- Generated by org.testng.reporters.JUnitXMLReporter -->
<testsuite ignored="0" hostname="ustjava144" failures="0" tests="7" name="Default test" time="40.707" errors="0" timestamp="2021-11-01T14:45:51 GMT+05:30">
  <testcase classname="TestNGPractice.NewTestClassEx3" name="register" time="0.917"/>
  <testcase classname="TestNGPractice.NewTestClassEx3" name="text" time="0.032"/>
  <testcase classname="TestNGPractice.NewTestClassEx3" name="addContactInformation" time="12.555"/>
  <testcase classname="TestNGPractice.NewTestClassEx3" name="scrollDownWebpage" time="3.02"/>
  <testcase classname="TestNGPractice.NewTestClassEx3" name="mailingInformation" time="4.523"/>
  <testcase classname="TestNGPractice.NewTestClassEx3" name="dropDown" time="6.23"/>
  <testcase classname="TestNGPractice.NewTestClassEx3" name="userinfo" time="4.302"/>
</testsuite> <!-- Default test -->
